        -:    0:Source:ttt.c
        -:    0:Graph:ttt.gcno
        -:    0:Data:ttt.gcda
        -:    0:Runs:1
        -:    1:#include <stdio.h>
        -:    2:#include <stdlib.h>
        -:    3:#include <string.h>
        -:    4:#include <stdbool.h>
        -:    5:
        7:    6:void print_matrix(char matrix[3][3])
        -:    7:{
        7:    8:    printf("-------------\n"); // Top border
       28:    9:    for (size_t i = 0; i < 3; i++)
        -:   10:    {
       84:   11:        for (size_t j = 0; j < 3; j++)
        -:   12:        {
       63:   13:            printf("| %c ", matrix[i][j]);
        -:   14:        }
       21:   15:        printf("|\n");
       21:   16:        printf("-------------\n"); // Separator between rows
        -:   17:    }
        7:   18:    fflush(stdout);
        7:   19:}
        -:   20:
       13:   21:char check_winner(char matrix[3][3])
        -:   22:{
        -:   23:    // Check rows
       34:   24:    for (int i = 0; i < 3; i++)
        -:   25:    {
       33:   26:        if (matrix[i][0] == matrix[i][1] && matrix[i][1] == matrix[i][2] && matrix[i][0] != '0')
        -:   27:        {
       12:   28:            return matrix[i][0];
        -:   29:        }
        -:   30:    }
        -:   31:
        -:   32:    // Check columns
        4:   33:    for (int i = 0; i < 3; i++)
        -:   34:    {
       3*:   35:        if (matrix[0][i] == matrix[1][i] && matrix[1][i] == matrix[2][i] && matrix[0][i] != '0')
        -:   36:        {
    #####:   37:            return matrix[0][i];
        -:   38:        }
        -:   39:    }
        -:   40:
        -:   41:    // Check diagonals
       1*:   42:    if (matrix[0][0] == matrix[1][1] && matrix[1][1] == matrix[2][2] && matrix[0][0] != '0')
        -:   43:    {
    #####:   44:        return matrix[0][0];
        -:   45:    }
        1:   46:    if (matrix[0][2] == matrix[1][1] && matrix[1][1] == matrix[2][0] && matrix[0][2] != '0')
        -:   47:    {
        1:   48:        return matrix[0][2];
        -:   49:    }
        -:   50:
        -:   51:    // No winner
    #####:   52:    return '0';
        -:   53:}
        -:   54:
        1:   55:void check_invalid_input(char *string_num)
        -:   56:{
        1:   57:    int arr[10] = {0};
        1:   58:    int length = strlen(string_num);
        -:   59:    // check if all number between 1-9 only one represent and not represet 0 in a argv
        1:   60:    if (strlen(string_num) != 9)
        -:   61:    {
    #####:   62:        printf("You must enter 9 numbers\n");
    #####:   63:        exit(1);
        -:   64:    }
        -:   65:
       10:   66:    for (size_t i = 0; i < length; i++)
        -:   67:    {
        9:   68:        if (string_num[i] < '1' || string_num[i] > '9')
        -:   69:        {
    #####:   70:            printf("Each number need to be between 1-9\n");
    #####:   71:            exit(1);
        -:   72:        }
        -:   73:
        9:   74:        arr[string_num[i] - '0']++;
        -:   75:    }
        -:   76:
        -:   77:    // if (arr[0] > 0)
        -:   78:    // {
        -:   79:    //     printf("Do not enter the number 0\n");
        -:   80:    //     exit(1);
        -:   81:    // }
        -:   82:
        9:   83:    for (size_t i = 1; i < length; i++)
        -:   84:    {
        8:   85:        if (arr[i] != 1)
        -:   86:        {
    #####:   87:            printf("Your input needs to include numbers between 1-9, each number once \n");
    #####:   88:            exit(1);
        -:   89:        }
        -:   90:    }
        1:   91:}
        -:   92:
        1:   93:int main(int argc, char *argv[])
        -:   94:{
        1:   95:    if (argc != 2)
        -:   96:    {
    #####:   97:        printf("You must enter in this format: ./ttt <strategy>\n");
    #####:   98:        printf("\n");
    #####:   99:        exit(1);
        -:  100:    }
        1:  101:    check_invalid_input(argv[1]);                                            // check if the input is valid
        1:  102:    char *strategy = argv[1];                                                // get the strategy
        1:  103:    char matrix[3][3] = {{' ', ' ', ' '}, {' ', ' ', ' '}, {' ', ' ', ' '}}; // Create a matrix 3x3 with spaces
        1:  104:    int count_of_place_empty = 0;                                            // count the number of empty place
        1:  105:    bool my_turn = true;
        -:  106:    char my_choice;
        -:  107:
        6:  108:    for (size_t i = 0; i < 9; i++)
        -:  109:    {
        6:  110:        int c_pos = strategy[i] - '1'; // Convert character to index
        -:  111:
        6:  112:        my_turn = true;
        6:  113:        if (count_of_place_empty < 8)
        -:  114:        {
        -:  115:
        6:  116:            if (matrix[c_pos / 3][c_pos % 3] == ' ')
        -:  117:            {
        4:  118:                matrix[c_pos / 3][c_pos % 3] = 'X'; /// 1-1=0
        4:  119:                printf("Computer chose: (%d,%d)\n", c_pos / 3 + 1, c_pos % 3 + 1);
        4:  120:                print_matrix(matrix);
        4:  121:                if (check_winner(matrix) == 'X')
        -:  122:                {
        1:  123:                    printf("win\n");
        1:  124:                    exit(0);
        -:  125:                }
        3:  126:                else if (check_winner(matrix) == 'O')
        -:  127:                {
    #####:  128:                    printf("lost\n");
    #####:  129:                    exit(0);
        -:  130:                }
        3:  131:                count_of_place_empty++;
        -:  132:            }
        -:  133:            else
        -:  134:            {
        2:  135:                continue;
        -:  136:            }
        -:  137:        }
        -:  138:        else
        -:  139:        {
    #####:  140:            for (size_t i = 8; i >= 0; i--)
        -:  141:            {
    #####:  142:                if (matrix[strategy[i] / 3][strategy[i] % 3] == ' ')
        -:  143:                {
    #####:  144:                    matrix[strategy[i] / 3][strategy[i] % 3] = 'X'; /// 1-1=0
    #####:  145:                    printf("Computer chose: (%d,%d)\n", c_pos / 3 + 1, c_pos % 3 + 1);
    #####:  146:                    print_matrix(matrix);
    #####:  147:                    if (check_winner(matrix) == '0')
        -:  148:                    {
    #####:  149:                        printf("draw\n");
    #####:  150:                        exit(0);
        -:  151:                    }
    #####:  152:                    if (check_winner(matrix) == 'X')
        -:  153:                    {
    #####:  154:                        printf("win\n");
    #####:  155:                        exit(0);
        -:  156:                    }
    #####:  157:                    if (check_winner(matrix) == 'O')
        -:  158:                    {
    #####:  159:                        printf("lost\n");
    #####:  160:                        exit(0);
        -:  161:                    }
        -:  162:
    #####:  163:                    count_of_place_empty++;
        -:  164:                }
        -:  165:            }
        -:  166:        }
        -:  167:
       10:  168:        while (my_turn)
        -:  169:        {
        7:  170:            if (scanf("%c", &my_choice) == 1)
        -:  171:
        -:  172:            {
        7:  173:                int user_pos = my_choice - '1';
        -:  174:
        7:  175:                if ((my_choice > '0' && my_choice <= '9' && matrix[user_pos / 3][user_pos % 3] == ' '))
        -:  176:                {
        3:  177:                    matrix[user_pos / 3][user_pos % 3] = 'O';
        3:  178:                    printf("You chose: (%d,%d)\n", user_pos / 3 + 1, user_pos % 3 + 1);
        3:  179:                    print_matrix(matrix);
        3:  180:                    if (check_winner(matrix) == 'X')
        -:  181:                    {
    #####:  182:                        printf("win\n");
    #####:  183:                        exit(0);
        -:  184:                    }
        3:  185:                    if (check_winner(matrix) == 'O')
        -:  186:                    {
    #####:  187:                        printf("lost\n");
    #####:  188:                        exit(0);
        -:  189:                    }
        3:  190:                    count_of_place_empty++;
        3:  191:                    my_turn = false;
        -:  192:                }
        4:  193:                else if (my_choice > '0' && my_choice <= '9' && matrix[user_pos / 3][user_pos % 3] != ' ')
        -:  194:                {
        1:  195:                    printf("You entered a number that is already taken\n");
        1:  196:                        fflush(stdout);
        -:  197:
        -:  198:                }
        -:  199:            }
        -:  200:            else
        -:  201:            {
    #####:  202:                printf("please enter one number\n");
    #####:  203:                    fflush(stdout);
        -:  204:
        -:  205:            }
        -:  206:        }
        -:  207:    }
    #####:  208:    fflush(stdout);
        -:  209:
        -:  210:}
